<?xml version="1.0" encoding="UTF-8"?>
<!-- Generated by org.testng.reporters.JUnitReportReporter -->
<testsuite hostname="MSI" failures="0" tests="3" name="highttest" time="0.011" errors="0" timestamp="2023-10-02T16:51:03 IDT" skipped="0">
  <testcase classname="highttest" name="test1" time="0.011"/>
  <system-out/>
  <testcase classname="highttest" name="test1" time="0.000"/>
  <system-out/>
  <testcase classname="highttest" name="test1" time="0.000"/>
  <system-out/>
</testsuite> <!-- highttest -->
