<?xml version="1.0" encoding="UTF-8"?>
<!-- Generated by org.testng.reporters.JUnitReportReporter -->
<testsuite hostname="MSI" failures="0" tests="5" name="testAnn" time="0.016" errors="0" timestamp="2023-10-03T10:02:45 IDT" skipped="0">
  <testcase classname="testAnn" name="testt1" time="0.001"/>
  <system-out/>
  <testcase classname="testAnn" name="test3" time="0.013"/>
  <system-out/>
  <testcase classname="testAnn" name="testt2" time="0.000"/>
  <system-out/>
  <testcase classname="testAnn" name="test2" time="0.001"/>
  <system-out/>
  <testcase classname="testAnn" name="test1" time="0.001"/>
  <system-out/>
</testsuite> <!-- testAnn -->
